<?xml version="1.0" encoding="utf-8"?><testsuites name="pytest tests"><testsuite name="pytest" errors="0" failures="0" skipped="0" tests="22" time="3.062" timestamp="2026-04-26T20:21:48.990903+00:00" hostname="agent-env-e41a3529-cb9a-4462-a850-cc2514b503a1"><testcase classname="backend.tests.test_iter2.TestPrompts" name="test_profile_prompts" time="0.128" /><testcase classname="backend.tests.test_iter2.TestProfileFields" name="test_put_users_me_new_fields" time="0.117" /><testcase classname="backend.tests.test_iter2.TestPhotoReorder" name="test_reorder" time="0.110" /><testcase classname="backend.tests.test_iter2.TestUserDetail" name="test_safe_public_profile" time="0.110" /><testcase classname="backend.tests.test_iter2.TestUserDetail" name="test_banned_returns_404" time="0.117" /><testcase classname="backend.tests.test_iter2.TestSwipeDateRequest" name="test_swipe_with_date_request_creates_dr" time="0.115" /><testcase classname="backend.tests.test_iter2.TestDateRequestsList" name="test_list_hydrated" time="0.107" /><testcase classname="backend.tests.test_iter2.TestRespond" name="test_accept_creates_match_and_system_message" time="0.132" /><testcase classname="backend.tests.test_iter2.TestRespond" name="test_already_responded_400" time="0.107" /><testcase classname="backend.tests.test_iter2.TestRespond" name="test_expired_returns_400" time="0.114" /><testcase classname="backend.tests.test_iter2.TestReports" name="test_create_and_admin_list_resolve" time="0.354" /><testcase classname="backend.tests.test_iter2.TestReports" name="test_admin_reports_403_for_non_admin" time="0.116" /><testcase classname="backend.tests.test_iter2.TestBlocks" name="test_block_closes_match_and_unblock" time="0.233" /><testcase classname="backend.tests.test_iter2.TestAdminUsers" name="test_search" time="0.111" /><testcase classname="backend.tests.test_iter2.TestAdminUsers" name="test_search_by_user_id" time="0.114" /><testcase classname="backend.tests.test_iter2.TestAdminUsers" name="test_ban_unban_flow" time="0.217" /><testcase classname="backend.tests.test_iter2.TestAdminUsers" name="test_admin_users_403_for_non_admin" time="0.115" /><testcase classname="backend.tests.test_iter2.TestAdminMisc" name="test_admin_messages_hydrated" time="0.114" /><testcase classname="backend.tests.test_iter2.TestAdminMisc" name="test_admin_messages_403" time="0.113" /><testcase classname="backend.tests.test_iter2.TestAdminMisc" name="test_admin_events_all" time="0.128" /><testcase classname="backend.tests.test_iter2.TestAdminMisc" name="test_admin_events_all_403" time="0.121" /><testcase classname="backend.tests.test_iter2.TestBlocksExcludeDaily" name="test_blocked_excluded" time="0.135" /></testsuite></testsuites>