<?xml version="1.0" encoding="utf-8"?><testsuites name="pytest tests"><testsuite name="pytest" errors="0" failures="0" skipped="0" tests="25" time="2.905" timestamp="2026-04-26T19:47:51.463451+00:00" hostname="agent-env-e41a3529-cb9a-4462-a850-cc2514b503a1"><testcase classname="backend.tests.test_letssnog.TestPublic" name="test_root" time="0.261" /><testcase classname="backend.tests.test_letssnog.TestPublic" name="test_quiz_questions" time="0.049" /><testcase classname="backend.tests.test_letssnog.TestPublic" name="test_events_seeded" time="0.048" /><testcase classname="backend.tests.test_letssnog.TestPublic" name="test_london_venues" time="0.047" /><testcase classname="backend.tests.test_letssnog.TestAuth" name="test_session_rejects_bad_id" time="0.141" /><testcase classname="backend.tests.test_letssnog.TestAuth" name="test_session_requires_session_id" time="0.049" /><testcase classname="backend.tests.test_letssnog.TestAuth" name="test_me_unauth" time="0.049" /><testcase classname="backend.tests.test_letssnog.TestAuth" name="test_logout_no_cookie" time="0.048" /><testcase classname="backend.tests.test_letssnog.TestAuthGated401" name="test_endpoints_require_auth" time="0.343" /><testcase classname="backend.tests.test_letssnog.TestAuthFlow" name="test_me_with_token" time="0.060" /><testcase classname="backend.tests.test_letssnog.TestAuthFlow" name="test_update_profile" time="0.109" /><testcase classname="backend.tests.test_letssnog.TestAuthFlow" name="test_submit_quiz" time="0.051" /><testcase classname="backend.tests.test_letssnog.TestAuthFlow" name="test_quiz_wrong_count" time="0.058" /><testcase classname="backend.tests.test_letssnog.TestAuthFlow" name="test_daily_matches" time="0.062" /><testcase classname="backend.tests.test_letssnog.TestAuthFlow" name="test_swipe" time="0.067" /><testcase classname="backend.tests.test_letssnog.TestAuthFlow" name="test_swipe_bad_action" time="0.045" /><testcase classname="backend.tests.test_letssnog.TestAuthFlow" name="test_chat_threads" time="0.051" /><testcase classname="backend.tests.test_letssnog.TestAuthFlow" name="test_event_signup_and_state" time="0.157" /><testcase classname="backend.tests.test_letssnog.TestAdmin" name="test_admin_me" time="0.052" /><testcase classname="backend.tests.test_letssnog.TestAdmin" name="test_admin_stats" time="0.050" /><testcase classname="backend.tests.test_letssnog.TestAdmin" name="test_admin_create_event" time="0.055" /><testcase classname="backend.tests.test_letssnog.TestAdmin" name="test_admin_forbidden_for_non_admin" time="0.047" /><testcase classname="backend.tests.test_letssnog.TestPhotoUpload" name="test_upload_photo" time="0.253" /><testcase classname="backend.tests.test_letssnog.TestDateFlow" name="test_full_date_flow" time="0.642" /><testcase classname="backend.tests.test_letssnog.TestPWA" name="test_manifest" time="0.059" /></testsuite></testsuites>